# JRE version: OpenJDK Runtime Environment Temurin-21.0.9+10 (21.0.9+10) (build 21.0.9+10-LTS)
# Java VM: OpenJDK 64-Bit Server VM Temurin-21.0.9+10 (21.0.9+10-LTS, mixed mode, sharing, tiered, compressed oops, compressed class ptrs, parallel gc, windows-amd64)
GC Precious Log:
 CardTable entry size: 512
 CPUs: 12 total, 12 available
 Memory: 7532M
 Large Page Support: Disabled
 NUMA Support: Disabled
 Compressed Oops: Enabled (32-bit)
 Alignments: Space 512K, Generation 512K, Heap 2M
 Heap Min Capacity: 100M
 Heap Initial Capacity: 100M
 Heap Max Capacity: 2G
 Pre-touch: Disabled
 Parallel Workers: 10
Heap:
 PSYoungGen      total 18944K, used 12528K [0x00000000d5580000, 0x00000000d7600000, 0x0000000100000000)
  eden space 10752K, 42% used [0x00000000d5580000,0x00000000d59f28f0,0x00000000d6000000)
  from space 8192K, 97% used [0x00000000d6e00000,0x00000000d75c9aa0,0x00000000d7600000)
  to   space 9728K, 0% used [0x00000000d6300000,0x00000000d6300000,0x00000000d6c80000)
 ParOldGen       total 557056K, used 556987K [0x0000000080000000, 0x00000000a2000000, 0x00000000d5580000)
  object space 557056K, 99% used [0x0000000080000000,0x00000000a1feec38,0x00000000a2000000)
 Metaspace       used 93036K, committed 94912K, reserved 1179648K
  class space    used 10689K, committed 11584K, reserved 1048576K
GC Heap History (20 events):
Event: 778.622 GC heap before
{Heap before GC invocations=915 (full 4):
 PSYoungGen      total 11264K, used 11264K [0x00000000d5580000, 0x00000000d6300000, 0x0000000100000000)
  eden space 10752K, 100% used [0x00000000d5580000,0x00000000d6000000,0x00000000d6000000)
  from space 512K, 100% used [0x00000000d6180000,0x00000000d6200000,0x00000000d6200000)
  to   space 1536K, 0% used [0x00000000d6000000,0x00000000d6000000,0x00000000d6180000)
 ParOldGen       total 535552K, used 535049K [0x0000000080000000, 0x00000000a0b00000, 0x00000000d5580000)
  object space 535552K, 99% used [0x0000000080000000,0x00000000a0a82460,0x00000000a0b00000)
 Metaspace       used 89903K, committed 91712K, reserved 1179648K
  class space    used 10422K, committed 11264K, reserved 1048576K
}
Event: 778.627 GC heap after
{Heap after GC invocations=915 (full 4):
 PSYoungGen      total 12288K, used 1520K [0x00000000d5580000, 0x00000000d6500000, 0x0000000100000000)
  eden space 10752K, 0% used [0x00000000d5580000,0x00000000d5580000,0x00000000d6000000)
  from space 1536K, 98% used [0x00000000d6000000,0x00000000d617c010,0x00000000d6180000)
  to   space 2560K, 0% used [0x00000000d6280000,0x00000000d6280000,0x00000000d6500000)
 ParOldGen       total 536064K, used 535594K [0x0000000080000000, 0x00000000a0b80000, 0x00000000d5580000)
  object space 536064K, 99% used [0x0000000080000000,0x00000000a0b0abd0,0x00000000a0b80000)
 Metaspace       used 89903K, committed 91712K, reserved 1179648K
  class space    used 10422K, committed 11264K, reserved 1048576K
}
Event: 778.717 GC heap before
{Heap before GC invocations=916 (full 4):
 PSYoungGen      total 12288K, used 12272K [0x00000000d5580000, 0x00000000d6500000, 0x0000000100000000)
  eden space 10752K, 100% used [0x00000000d5580000,0x00000000d6000000,0x00000000d6000000)
  from space 1536K, 98% used [0x00000000d6000000,0x00000000d617c010,0x00000000d6180000)
  to   space 2560K, 0% used [0x00000000d6280000,0x00000000d6280000,0x00000000d6500000)
 ParOldGen       total 536064K, used 535594K [0x0000000080000000, 0x00000000a0b80000, 0x00000000d5580000)
  object space 536064K, 99% used [0x0000000080000000,0x00000000a0b0abd0,0x00000000a0b80000)
 Metaspace       used 90009K, committed 91840K, reserved 1179648K
  class space    used 10426K, committed 11264K, reserved 1048576K
}
Event: 778.723 GC heap after
{Heap after GC invocations=916 (full 4):
 PSYoungGen      total 12800K, used 1606K [0x00000000d5580000, 0x00000000d6480000, 0x0000000100000000)
  eden space 10752K, 0% used [0x00000000d5580000,0x00000000d5580000,0x00000000d6000000)
  from space 2048K, 78% used [0x00000000d6280000,0x00000000d64119d0,0x00000000d6480000)
  to   space 2048K, 0% used [0x00000000d6080000,0x00000000d6080000,0x00000000d6280000)
 ParOldGen       total 537088K, used 536903K [0x0000000080000000, 0x00000000a0c80000, 0x00000000d5580000)
  object space 537088K, 99% used [0x0000000080000000,0x00000000a0c51fe8,0x00000000a0c80000)
 Metaspace       used 90009K, committed 91840K, reserved 1179648K
  class space    used 10426K, committed 11264K, reserved 1048576K
}
Event: 778.876 GC heap before
{Heap before GC invocations=917 (full 4):
 PSYoungGen      total 12800K, used 12358K [0x00000000d5580000, 0x00000000d6480000, 0x0000000100000000)
  eden space 10752K, 100% used [0x00000000d5580000,0x00000000d6000000,0x00000000d6000000)
  from space 2048K, 78% used [0x00000000d6280000,0x00000000d64119d0,0x00000000d6480000)
  to   space 2048K, 0% used [0x00000000d6080000,0x00000000d6080000,0x00000000d6280000)
 ParOldGen       total 537088K, used 536903K [0x0000000080000000, 0x00000000a0c80000, 0x00000000d5580000)
  object space 537088K, 99% used [0x0000000080000000,0x00000000a0c51fe8,0x00000000a0c80000)
 Metaspace       used 90120K, committed 91904K, reserved 1179648K
  class space    used 10434K, committed 11264K, reserved 1048576K
}
Event: 778.886 GC heap after
{Heap after GC invocations=917 (full 4):
 PSYoungGen      total 12288K, used 1488K [0x00000000d5580000, 0x00000000d6400000, 0x0000000100000000)
  eden space 10752K, 0% used [0x00000000d5580000,0x00000000d5580000,0x00000000d6000000)
  from space 1536K, 96% used [0x00000000d6080000,0x00000000d61f4010,0x00000000d6200000)
  to   space 2048K, 0% used [0x00000000d6200000,0x00000000d6200000,0x00000000d6400000)
 ParOldGen       total 538624K, used 538258K [0x0000000080000000, 0x00000000a0e00000, 0x00000000d5580000)
  object space 538624K, 99% used [0x0000000080000000,0x00000000a0da4988,0x00000000a0e00000)
 Metaspace       used 90120K, committed 91904K, reserved 1179648K
  class space    used 10434K, committed 11264K, reserved 1048576K
}
Event: 779.136 GC heap before
{Heap before GC invocations=918 (full 4):
 PSYoungGen      total 12288K, used 12240K [0x00000000d5580000, 0x00000000d6400000, 0x0000000100000000)
  eden space 10752K, 100% used [0x00000000d5580000,0x00000000d6000000,0x00000000d6000000)
  from space 1536K, 96% used [0x00000000d6080000,0x00000000d61f4010,0x00000000d6200000)
  to   space 2048K, 0% used [0x00000000d6200000,0x00000000d6200000,0x00000000d6400000)
 ParOldGen       total 538624K, used 538258K [0x0000000080000000, 0x00000000a0e00000, 0x00000000d5580000)
  object space 538624K, 99% used [0x0000000080000000,0x00000000a0da4988,0x00000000a0e00000)
 Metaspace       used 90765K, committed 92544K, reserved 1179648K
  class space    used 10496K, committed 11328K, reserved 1048576K
}
Event: 779.141 GC heap after
{Heap after GC invocations=918 (full 4):
 PSYoungGen      total 12288K, used 1510K [0x00000000d5580000, 0x00000000d6380000, 0x0000000100000000)
  eden space 10752K, 0% used [0x00000000d5580000,0x00000000d5580000,0x00000000d6000000)
  from space 1536K, 98% used [0x00000000d6200000,0x00000000d6379af0,0x00000000d6380000)
  to   space 1536K, 0% used [0x00000000d6080000,0x00000000d6080000,0x00000000d6200000)
 ParOldGen       total 539648K, used 539599K [0x0000000080000000, 0x00000000a0f00000, 0x00000000d5580000)
  object space 539648K, 99% used [0x0000000080000000,0x00000000a0ef3c70,0x00000000a0f00000)
 Metaspace       used 90765K, committed 92544K, reserved 1179648K
  class space    used 10496K, committed 11328K, reserved 1048576K
}
Event: 779.278 GC heap before
{Heap before GC invocations=919 (full 4):
 PSYoungGen      total 12288K, used 12104K [0x00000000d5580000, 0x00000000d6380000, 0x0000000100000000)
  eden space 10752K, 98% used [0x00000000d5580000,0x00000000d5fd8760,0x00000000d6000000)
  from space 1536K, 98% used [0x00000000d6200000,0x00000000d6379af0,0x00000000d6380000)
  to   space 1536K, 0% used [0x00000000d6080000,0x00000000d6080000,0x00000000d6200000)
 ParOldGen       total 539648K, used 539599K [0x0000000080000000, 0x00000000a0f00000, 0x00000000d5580000)
  object space 539648K, 99% used [0x0000000080000000,0x00000000a0ef3c70,0x00000000a0f00000)
 Metaspace       used 91467K, committed 93312K, reserved 1179648K
  class space    used 10558K, committed 11392K, reserved 1048576K
}
Event: 779.286 GC heap after
{Heap after GC invocations=919 (full 4):
 PSYoungGen      total 11776K, used 916K [0x00000000d5580000, 0x00000000d6300000, 0x0000000100000000)
  eden space 10752K, 0% used [0x00000000d5580000,0x00000000d5580000,0x00000000d6000000)
  from space 1024K, 89% used [0x00000000d6080000,0x00000000d61652e8,0x00000000d6180000)
  to   space 1536K, 0% used [0x00000000d6180000,0x00000000d6180000,0x00000000d6300000)
 ParOldGen       total 544256K, used 543913K [0x0000000080000000, 0x00000000a1380000, 0x00000000d5580000)
  object space 544256K, 99% used [0x0000000080000000,0x00000000a132a640,0x00000000a1380000)
 Metaspace       used 91467K, committed 93312K, reserved 1179648K
  class space    used 10558K, committed 11392K, reserved 1048576K
}
Event: 779.391 GC heap before
{Heap before GC invocations=920 (full 4):
 PSYoungGen      total 11776K, used 11663K [0x00000000d5580000, 0x00000000d6300000, 0x0000000100000000)
  eden space 10752K, 99% used [0x00000000d5580000,0x00000000d5ffe9b8,0x00000000d6000000)
  from space 1024K, 89% used [0x00000000d6080000,0x00000000d61652e8,0x00000000d6180000)
  to   space 1536K, 0% used [0x00000000d6180000,0x00000000d6180000,0x00000000d6300000)
 ParOldGen       total 544256K, used 543913K [0x0000000080000000, 0x00000000a1380000, 0x00000000d5580000)
  object space 544256K, 99% used [0x0000000080000000,0x00000000a132a640,0x00000000a1380000)
 Metaspace       used 91804K, committed 93632K, reserved 1179648K
  class space    used 10585K, committed 11456K, reserved 1048576K
}
Event: 779.395 GC heap after
{Heap after GC invocations=920 (full 4):
 PSYoungGen      total 12288K, used 1146K [0x00000000d5580000, 0x00000000d6300000, 0x0000000100000000)
  eden space 10752K, 0% used [0x00000000d5580000,0x00000000d5580000,0x00000000d6000000)
  from space 1536K, 74% used [0x00000000d6180000,0x00000000d629e9c8,0x00000000d6300000)
  to   space 1536K, 0% used [0x00000000d6000000,0x00000000d6000000,0x00000000d6180000)
 ParOldGen       total 544768K, used 544462K [0x0000000080000000, 0x00000000a1400000, 0x00000000d5580000)
  object space 544768K, 99% used [0x0000000080000000,0x00000000a13b38f0,0x00000000a1400000)
 Metaspace       used 91804K, committed 93632K, reserved 1179648K
  class space    used 10585K, committed 11456K, reserved 1048576K
}
Event: 779.729 GC heap before
{Heap before GC invocations=921 (full 4):
 PSYoungGen      total 12288K, used 11898K [0x00000000d5580000, 0x00000000d6300000, 0x0000000100000000)
  eden space 10752K, 100% used [0x00000000d5580000,0x00000000d6000000,0x00000000d6000000)
  from space 1536K, 74% used [0x00000000d6180000,0x00000000d629e9c8,0x00000000d6300000)
  to   space 1536K, 0% used [0x00000000d6000000,0x00000000d6000000,0x00000000d6180000)
 ParOldGen       total 544768K, used 544462K [0x0000000080000000, 0x00000000a1400000, 0x00000000d5580000)
  object space 544768K, 99% used [0x0000000080000000,0x00000000a13b38f0,0x00000000a1400000)
 Metaspace       used 92636K, committed 94592K, reserved 1179648K
  class space    used 10662K, committed 11584K, reserved 1048576K
}
Event: 779.733 GC heap after
{Heap after GC invocations=921 (full 4):
 PSYoungGen      total 12288K, used 1506K [0x00000000d5580000, 0x00000000d6700000, 0x0000000100000000)
  eden space 10752K, 0% used [0x00000000d5580000,0x00000000d5580000,0x00000000d6000000)
  from space 1536K, 98% used [0x00000000d6000000,0x00000000d6178878,0x00000000d6180000)
  to   space 3584K, 0% used [0x00000000d6380000,0x00000000d6380000,0x00000000d6700000)
 ParOldGen       total 545792K, used 545758K [0x0000000080000000, 0x00000000a1500000, 0x00000000d5580000)
  object space 545792K, 99% used [0x0000000080000000,0x00000000a14f7b88,0x00000000a1500000)
 Metaspace       used 92636K, committed 94592K, reserved 1179648K
  class space    used 10662K, committed 11584K, reserved 1048576K
}
Event: 1062.031 GC heap before
{Heap before GC invocations=922 (full 4):
 PSYoungGen      total 12288K, used 12172K [0x00000000d5580000, 0x00000000d6700000, 0x0000000100000000)
  eden space 10752K, 99% used [0x00000000d5580000,0x00000000d5feaaf0,0x00000000d6000000)
  from space 1536K, 98% used [0x00000000d6000000,0x00000000d6178878,0x00000000d6180000)
  to   space 3584K, 0% used [0x00000000d6380000,0x00000000d6380000,0x00000000d6700000)
 ParOldGen       total 545792K, used 545758K [0x0000000080000000, 0x00000000a1500000, 0x00000000d5580000)
  object space 545792K, 99% used [0x0000000080000000,0x00000000a14f7b88,0x00000000a1500000)
 Metaspace       used 92933K, committed 94848K, reserved 1179648K
  class space    used 10679K, committed 11584K, reserved 1048576K
}
Event: 1062.506 GC heap after
{Heap after GC invocations=922 (full 4):
 PSYoungGen      total 13312K, used 2471K [0x00000000d5580000, 0x00000000d6600000, 0x0000000100000000)
  eden space 10752K, 0% used [0x00000000d5580000,0x00000000d5580000,0x00000000d6000000)
  from space 2560K, 96% used [0x00000000d6380000,0x00000000d65e9d80,0x00000000d6600000)
  to   space 3072K, 0% used [0x00000000d6000000,0x00000000d6000000,0x00000000d6300000)
 ParOldGen       total 546816K, used 546691K [0x0000000080000000, 0x00000000a1600000, 0x00000000d5580000)
  object space 546816K, 99% used [0x0000000080000000,0x00000000a15e0ef8,0x00000000a1600000)
 Metaspace       used 92933K, committed 94848K, reserved 1179648K
  class space    used 10679K, committed 11584K, reserved 1048576K
}
Event: 1062.688 GC heap before
{Heap before GC invocations=923 (full 4):
 PSYoungGen      total 13312K, used 13223K [0x00000000d5580000, 0x00000000d6600000, 0x0000000100000000)
  eden space 10752K, 100% used [0x00000000d5580000,0x00000000d6000000,0x00000000d6000000)
  from space 2560K, 96% used [0x00000000d6380000,0x00000000d65e9d80,0x00000000d6600000)
  to   space 3072K, 0% used [0x00000000d6000000,0x00000000d6000000,0x00000000d6300000)
 ParOldGen       total 546816K, used 546691K [0x0000000080000000, 0x00000000a1600000, 0x00000000d5580000)
  object space 546816K, 99% used [0x0000000080000000,0x00000000a15e0ef8,0x00000000a1600000)
 Metaspace       used 92933K, committed 94848K, reserved 1179648K
  class space    used 10679K, committed 11584K, reserved 1048576K
}
Event: 1062.708 GC heap after
{Heap after GC invocations=923 (full 4):
 PSYoungGen      total 13824K, used 3051K [0x00000000d5580000, 0x00000000d7c00000, 0x0000000100000000)
  eden space 10752K, 0% used [0x00000000d5580000,0x00000000d5580000,0x00000000d6000000)
  from space 3072K, 99% used [0x00000000d6000000,0x00000000d62fae60,0x00000000d6300000)
  to   space 14336K, 0% used [0x00000000d6e00000,0x00000000d6e00000,0x00000000d7c00000)
 ParOldGen       total 556032K, used 555862K [0x0000000080000000, 0x00000000a1f00000, 0x00000000d5580000)
  object space 556032K, 99% used [0x0000000080000000,0x00000000a1ed5bb8,0x00000000a1f00000)
 Metaspace       used 92933K, committed 94848K, reserved 1179648K
  class space    used 10679K, committed 11584K, reserved 1048576K
}
Event: 1062.844 GC heap before
{Heap before GC invocations=924 (full 4):
 PSYoungGen      total 13824K, used 13803K [0x00000000d5580000, 0x00000000d7c00000, 0x0000000100000000)
  eden space 10752K, 100% used [0x00000000d5580000,0x00000000d6000000,0x00000000d6000000)
  from space 3072K, 99% used [0x00000000d6000000,0x00000000d62fae60,0x00000000d6300000)
  to   space 14336K, 0% used [0x00000000d6e00000,0x00000000d6e00000,0x00000000d7c00000)
 ParOldGen       total 556032K, used 555862K [0x0000000080000000, 0x00000000a1f00000, 0x00000000d5580000)
  object space 556032K, 99% used [0x0000000080000000,0x00000000a1ed5bb8,0x00000000a1f00000)
 Metaspace       used 92936K, committed 94848K, reserved 1179648K
  class space    used 10679K, committed 11584K, reserved 1048576K
}
Event: 1062.858 GC heap after
{Heap after GC invocations=924 (full 4):
 PSYoungGen      total 18944K, used 7974K [0x00000000d5580000, 0x00000000d7600000, 0x0000000100000000)
  eden space 10752K, 0% used [0x00000000d5580000,0x00000000d5580000,0x00000000d6000000)
  from space 8192K, 97% used [0x00000000d6e00000,0x00000000d75c9aa0,0x00000000d7600000)
  to   space 9728K, 0% used [0x00000000d6300000,0x00000000d6300000,0x00000000d6c80000)
 ParOldGen       total 557056K, used 556987K [0x0000000080000000, 0x00000000a2000000, 0x00000000d5580000)
  object space 557056K, 99% used [0x0000000080000000,0x00000000a1feec38,0x00000000a2000000)
 Metaspace       used 92936K, committed 94848K, reserved 1179648K
  class space    used 10679K, committed 11584K, reserved 1048576K
}

