# JRE version: OpenJDK Runtime Environment Temurin-21.0.9+10 (21.0.9+10) (build 21.0.9+10-LTS)
# Java VM: OpenJDK 64-Bit Server VM Temurin-21.0.9+10 (21.0.9+10-LTS, mixed mode, sharing, tiered, compressed oops, compressed class ptrs, parallel gc, windows-amd64)
GC Precious Log:
 CardTable entry size: 512
 CPUs: 12 total, 12 available
 Memory: 7532M
 Large Page Support: Disabled
 NUMA Support: Disabled
 Compressed Oops: Enabled (32-bit)
 Alignments: Space 512K, Generation 512K, Heap 2M
 Heap Min Capacity: 100M
 Heap Initial Capacity: 100M
 Heap Max Capacity: 2G
 Pre-touch: Disabled
 Parallel Workers: 10
Heap:
 PSYoungGen      total 8192K, used 1686K [0x00000000d5580000, 0x00000000d5f00000, 0x0000000100000000)
  eden space 7680K, 16% used [0x00000000d5580000,0x00000000d56b5968,0x00000000d5d00000)
  from space 512K, 87% used [0x00000000d5e00000,0x00000000d5e70000,0x00000000d5e80000)
  to   space 512K, 0% used [0x00000000d5e80000,0x00000000d5e80000,0x00000000d5f00000)
 ParOldGen       total 798208K, used 797965K [0x0000000080000000, 0x00000000b0b80000, 0x00000000d5580000)
  object space 798208K, 99% used [0x0000000080000000,0x00000000b0b43670,0x00000000b0b80000)
 Metaspace       used 86482K, committed 88320K, reserved 1179648K
  class space    used 10337K, committed 11200K, reserved 1048576K
GC Heap History (20 events):
Event: 68.037 GC heap before
{Heap before GC invocations=1109 (full 3):
 PSYoungGen      total 8192K, used 7476K [0x00000000d5580000, 0x00000000d5f80000, 0x0000000100000000)
  eden space 7680K, 92% used [0x00000000d5580000,0x00000000d5c67960,0x00000000d5d00000)
  from space 512K, 79% used [0x00000000d5e80000,0x00000000d5ee58d8,0x00000000d5f00000)
  to   space 512K, 0% used [0x00000000d5f00000,0x00000000d5f00000,0x00000000d5f80000)
 ParOldGen       total 795136K, used 794925K [0x0000000080000000, 0x00000000b0880000, 0x00000000d5580000)
  object space 795136K, 99% used [0x0000000080000000,0x00000000b084b778,0x00000000b0880000)
 Metaspace       used 85316K, committed 87104K, reserved 1179648K
  class space    used 10176K, committed 11008K, reserved 1048576K
}
Event: 68.040 GC heap after
{Heap after GC invocations=1109 (full 3):
 PSYoungGen      total 8192K, used 378K [0x00000000d5580000, 0x00000000d5f80000, 0x0000000100000000)
  eden space 7680K, 0% used [0x00000000d5580000,0x00000000d5580000,0x00000000d5d00000)
  from space 512K, 73% used [0x00000000d5f00000,0x00000000d5f5e900,0x00000000d5f80000)
  to   space 512K, 0% used [0x00000000d5e80000,0x00000000d5e80000,0x00000000d5f00000)
 ParOldGen       total 795136K, used 795029K [0x0000000080000000, 0x00000000b0880000, 0x00000000d5580000)
  object space 795136K, 99% used [0x0000000080000000,0x00000000b0865778,0x00000000b0880000)
 Metaspace       used 85316K, committed 87104K, reserved 1179648K
  class space    used 10176K, committed 11008K, reserved 1048576K
}
Event: 68.053 GC heap before
{Heap before GC invocations=1110 (full 3):
 PSYoungGen      total 8192K, used 8058K [0x00000000d5580000, 0x00000000d5f80000, 0x0000000100000000)
  eden space 7680K, 100% used [0x00000000d5580000,0x00000000d5d00000,0x00000000d5d00000)
  from space 512K, 73% used [0x00000000d5f00000,0x00000000d5f5e900,0x00000000d5f80000)
  to   space 512K, 0% used [0x00000000d5e80000,0x00000000d5e80000,0x00000000d5f00000)
 ParOldGen       total 795136K, used 795029K [0x0000000080000000, 0x00000000b0880000, 0x00000000d5580000)
  object space 795136K, 99% used [0x0000000080000000,0x00000000b0865778,0x00000000b0880000)
 Metaspace       used 85316K, committed 87104K, reserved 1179648K
  class space    used 10176K, committed 11008K, reserved 1048576K
}
Event: 68.056 GC heap after
{Heap after GC invocations=1110 (full 3):
 PSYoungGen      total 8192K, used 487K [0x00000000d5580000, 0x00000000d6100000, 0x0000000100000000)
  eden space 7680K, 0% used [0x00000000d5580000,0x00000000d5580000,0x00000000d5d00000)
  from space 512K, 95% used [0x00000000d5e80000,0x00000000d5ef9c68,0x00000000d5f00000)
  to   space 2048K, 0% used [0x00000000d5f00000,0x00000000d5f00000,0x00000000d6100000)
 ParOldGen       total 796160K, used 796042K [0x0000000080000000, 0x00000000b0980000, 0x00000000d5580000)
  object space 796160K, 99% used [0x0000000080000000,0x00000000b0962a80,0x00000000b0980000)
 Metaspace       used 85316K, committed 87104K, reserved 1179648K
  class space    used 10176K, committed 11008K, reserved 1048576K
}
Event: 68.068 GC heap before
{Heap before GC invocations=1111 (full 3):
 PSYoungGen      total 8192K, used 8167K [0x00000000d5580000, 0x00000000d6100000, 0x0000000100000000)
  eden space 7680K, 100% used [0x00000000d5580000,0x00000000d5d00000,0x00000000d5d00000)
  from space 512K, 95% used [0x00000000d5e80000,0x00000000d5ef9c68,0x00000000d5f00000)
  to   space 2048K, 0% used [0x00000000d5f00000,0x00000000d5f00000,0x00000000d6100000)
 ParOldGen       total 796160K, used 796042K [0x0000000080000000, 0x00000000b0980000, 0x00000000d5580000)
  object space 796160K, 99% used [0x0000000080000000,0x00000000b0962a80,0x00000000b0980000)
 Metaspace       used 85316K, committed 87104K, reserved 1179648K
  class space    used 10176K, committed 11008K, reserved 1048576K
}
Event: 68.070 GC heap after
{Heap after GC invocations=1111 (full 3):
 PSYoungGen      total 8704K, used 640K [0x00000000d5580000, 0x00000000d6000000, 0x0000000100000000)
  eden space 7680K, 0% used [0x00000000d5580000,0x00000000d5580000,0x00000000d5d00000)
  from space 1024K, 62% used [0x00000000d5f00000,0x00000000d5fa0000,0x00000000d6000000)
  to   space 1024K, 0% used [0x00000000d5e00000,0x00000000d5e00000,0x00000000d5f00000)
 ParOldGen       total 796672K, used 796469K [0x0000000080000000, 0x00000000b0a00000, 0x00000000d5580000)
  object space 796672K, 99% used [0x0000000080000000,0x00000000b09cd660,0x00000000b0a00000)
 Metaspace       used 85316K, committed 87104K, reserved 1179648K
  class space    used 10176K, committed 11008K, reserved 1048576K
}
Event: 68.080 GC heap before
{Heap before GC invocations=1112 (full 3):
 PSYoungGen      total 8704K, used 8320K [0x00000000d5580000, 0x00000000d6000000, 0x0000000100000000)
  eden space 7680K, 100% used [0x00000000d5580000,0x00000000d5d00000,0x00000000d5d00000)
  from space 1024K, 62% used [0x00000000d5f00000,0x00000000d5fa0000,0x00000000d6000000)
  to   space 1024K, 0% used [0x00000000d5e00000,0x00000000d5e00000,0x00000000d5f00000)
 ParOldGen       total 796672K, used 796469K [0x0000000080000000, 0x00000000b0a00000, 0x00000000d5580000)
  object space 796672K, 99% used [0x0000000080000000,0x00000000b09cd660,0x00000000b0a00000)
 Metaspace       used 85316K, committed 87104K, reserved 1179648K
  class space    used 10176K, committed 11008K, reserved 1048576K
}
Event: 68.083 GC heap after
{Heap after GC invocations=1112 (full 3):
 PSYoungGen      total 8192K, used 480K [0x00000000d5580000, 0x00000000d5f80000, 0x0000000100000000)
  eden space 7680K, 0% used [0x00000000d5580000,0x00000000d5580000,0x00000000d5d00000)
  from space 512K, 93% used [0x00000000d5e00000,0x00000000d5e78000,0x00000000d5e80000)
  to   space 1024K, 0% used [0x00000000d5e80000,0x00000000d5e80000,0x00000000d5f80000)
 ParOldGen       total 797184K, used 796941K [0x0000000080000000, 0x00000000b0a80000, 0x00000000d5580000)
  object space 797184K, 99% used [0x0000000080000000,0x00000000b0a43670,0x00000000b0a80000)
 Metaspace       used 85316K, committed 87104K, reserved 1179648K
  class space    used 10176K, committed 11008K, reserved 1048576K
}
Event: 68.092 GC heap before
{Heap before GC invocations=1113 (full 3):
 PSYoungGen      total 8192K, used 8160K [0x00000000d5580000, 0x00000000d5f80000, 0x0000000100000000)
  eden space 7680K, 100% used [0x00000000d5580000,0x00000000d5d00000,0x00000000d5d00000)
  from space 512K, 93% used [0x00000000d5e00000,0x00000000d5e78000,0x00000000d5e80000)
  to   space 1024K, 0% used [0x00000000d5e80000,0x00000000d5e80000,0x00000000d5f80000)
 ParOldGen       total 797184K, used 796941K [0x0000000080000000, 0x00000000b0a80000, 0x00000000d5580000)
  object space 797184K, 99% used [0x0000000080000000,0x00000000b0a43670,0x00000000b0a80000)
 Metaspace       used 85316K, committed 87104K, reserved 1179648K
  class space    used 10176K, committed 11008K, reserved 1048576K
}
Event: 68.095 GC heap after
{Heap after GC invocations=1113 (full 3):
 PSYoungGen      total 8192K, used 352K [0x00000000d5580000, 0x00000000d5f00000, 0x0000000100000000)
  eden space 7680K, 0% used [0x00000000d5580000,0x00000000d5580000,0x00000000d5d00000)
  from space 512K, 68% used [0x00000000d5e80000,0x00000000d5ed8000,0x00000000d5f00000)
  to   space 512K, 0% used [0x00000000d5e00000,0x00000000d5e00000,0x00000000d5e80000)
 ParOldGen       total 797696K, used 797245K [0x0000000080000000, 0x00000000b0b00000, 0x00000000d5580000)
  object space 797696K, 99% used [0x0000000080000000,0x00000000b0a8f670,0x00000000b0b00000)
 Metaspace       used 85316K, committed 87104K, reserved 1179648K
  class space    used 10176K, committed 11008K, reserved 1048576K
}
Event: 68.125 GC heap before
{Heap before GC invocations=1114 (full 3):
 PSYoungGen      total 8192K, used 8032K [0x00000000d5580000, 0x00000000d5f00000, 0x0000000100000000)
  eden space 7680K, 100% used [0x00000000d5580000,0x00000000d5d00000,0x00000000d5d00000)
  from space 512K, 68% used [0x00000000d5e80000,0x00000000d5ed8000,0x00000000d5f00000)
  to   space 512K, 0% used [0x00000000d5e00000,0x00000000d5e00000,0x00000000d5e80000)
 ParOldGen       total 797696K, used 797245K [0x0000000080000000, 0x00000000b0b00000, 0x00000000d5580000)
  object space 797696K, 99% used [0x0000000080000000,0x00000000b0a8f670,0x00000000b0b00000)
 Metaspace       used 85325K, committed 87104K, reserved 1179648K
  class space    used 10176K, committed 11008K, reserved 1048576K
}
Event: 68.127 GC heap after
{Heap after GC invocations=1114 (full 3):
 PSYoungGen      total 8192K, used 338K [0x00000000d5580000, 0x00000000d5f00000, 0x0000000100000000)
  eden space 7680K, 0% used [0x00000000d5580000,0x00000000d5580000,0x00000000d5d00000)
  from space 512K, 66% used [0x00000000d5e00000,0x00000000d5e54940,0x00000000d5e80000)
  to   space 512K, 0% used [0x00000000d5e80000,0x00000000d5e80000,0x00000000d5f00000)
 ParOldGen       total 797696K, used 797437K [0x0000000080000000, 0x00000000b0b00000, 0x00000000d5580000)
  object space 797696K, 99% used [0x0000000080000000,0x00000000b0abf670,0x00000000b0b00000)
 Metaspace       used 85325K, committed 87104K, reserved 1179648K
  class space    used 10176K, committed 11008K, reserved 1048576K
}
Event: 68.145 GC heap before
{Heap before GC invocations=1115 (full 3):
 PSYoungGen      total 8192K, used 8018K [0x00000000d5580000, 0x00000000d5f00000, 0x0000000100000000)
  eden space 7680K, 100% used [0x00000000d5580000,0x00000000d5d00000,0x00000000d5d00000)
  from space 512K, 66% used [0x00000000d5e00000,0x00000000d5e54940,0x00000000d5e80000)
  to   space 512K, 0% used [0x00000000d5e80000,0x00000000d5e80000,0x00000000d5f00000)
 ParOldGen       total 797696K, used 797437K [0x0000000080000000, 0x00000000b0b00000, 0x00000000d5580000)
  object space 797696K, 99% used [0x0000000080000000,0x00000000b0abf670,0x00000000b0b00000)
 Metaspace       used 85328K, committed 87104K, reserved 1179648K
  class space    used 10176K, committed 11008K, reserved 1048576K
}
Event: 68.148 GC heap after
{Heap after GC invocations=1115 (full 3):
 PSYoungGen      total 8192K, used 452K [0x00000000d5580000, 0x00000000d5f00000, 0x0000000100000000)
  eden space 7680K, 0% used [0x00000000d5580000,0x00000000d5580000,0x00000000d5d00000)
  from space 512K, 88% used [0x00000000d5e80000,0x00000000d5ef11f8,0x00000000d5f00000)
  to   space 512K, 0% used [0x00000000d5e00000,0x00000000d5e00000,0x00000000d5e80000)
 ParOldGen       total 797696K, used 797549K [0x0000000080000000, 0x00000000b0b00000, 0x00000000d5580000)
  object space 797696K, 99% used [0x0000000080000000,0x00000000b0adb670,0x00000000b0b00000)
 Metaspace       used 85328K, committed 87104K, reserved 1179648K
  class space    used 10176K, committed 11008K, reserved 1048576K
}
Event: 68.169 GC heap before
{Heap before GC invocations=1116 (full 3):
 PSYoungGen      total 8192K, used 8132K [0x00000000d5580000, 0x00000000d5f00000, 0x0000000100000000)
  eden space 7680K, 100% used [0x00000000d5580000,0x00000000d5d00000,0x00000000d5d00000)
  from space 512K, 88% used [0x00000000d5e80000,0x00000000d5ef11f8,0x00000000d5f00000)
  to   space 512K, 0% used [0x00000000d5e00000,0x00000000d5e00000,0x00000000d5e80000)
 ParOldGen       total 797696K, used 797549K [0x0000000080000000, 0x00000000b0b00000, 0x00000000d5580000)
  object space 797696K, 99% used [0x0000000080000000,0x00000000b0adb670,0x00000000b0b00000)
 Metaspace       used 85332K, committed 87104K, reserved 1179648K
  class space    used 10176K, committed 11008K, reserved 1048576K
}
Event: 68.173 GC heap after
{Heap after GC invocations=1116 (full 3):
 PSYoungGen      total 8192K, used 288K [0x00000000d5580000, 0x00000000d5f00000, 0x0000000100000000)
  eden space 7680K, 0% used [0x00000000d5580000,0x00000000d5580000,0x00000000d5d00000)
  from space 512K, 56% used [0x00000000d5e00000,0x00000000d5e48000,0x00000000d5e80000)
  to   space 512K, 0% used [0x00000000d5e80000,0x00000000d5e80000,0x00000000d5f00000)
 ParOldGen       total 798208K, used 797725K [0x0000000080000000, 0x00000000b0b80000, 0x00000000d5580000)
  object space 798208K, 99% used [0x0000000080000000,0x00000000b0b07670,0x00000000b0b80000)
 Metaspace       used 85332K, committed 87104K, reserved 1179648K
  class space    used 10176K, committed 11008K, reserved 1048576K
}
Event: 68.277 GC heap before
{Heap before GC invocations=1117 (full 3):
 PSYoungGen      total 8192K, used 7968K [0x00000000d5580000, 0x00000000d5f00000, 0x0000000100000000)
  eden space 7680K, 100% used [0x00000000d5580000,0x00000000d5d00000,0x00000000d5d00000)
  from space 512K, 56% used [0x00000000d5e00000,0x00000000d5e48000,0x00000000d5e80000)
  to   space 512K, 0% used [0x00000000d5e80000,0x00000000d5e80000,0x00000000d5f00000)
 ParOldGen       total 798208K, used 797725K [0x0000000080000000, 0x00000000b0b80000, 0x00000000d5580000)
  object space 798208K, 99% used [0x0000000080000000,0x00000000b0b07670,0x00000000b0b80000)
 Metaspace       used 85609K, committed 87424K, reserved 1179648K
  class space    used 10216K, committed 11072K, reserved 1048576K
}
Event: 68.279 GC heap after
{Heap after GC invocations=1117 (full 3):
 PSYoungGen      total 8192K, used 320K [0x00000000d5580000, 0x00000000d5f00000, 0x0000000100000000)
  eden space 7680K, 0% used [0x00000000d5580000,0x00000000d5580000,0x00000000d5d00000)
  from space 512K, 62% used [0x00000000d5e80000,0x00000000d5ed0000,0x00000000d5f00000)
  to   space 512K, 0% used [0x00000000d5e00000,0x00000000d5e00000,0x00000000d5e80000)
 ParOldGen       total 798208K, used 797869K [0x0000000080000000, 0x00000000b0b80000, 0x00000000d5580000)
  object space 798208K, 99% used [0x0000000080000000,0x00000000b0b2b670,0x00000000b0b80000)
 Metaspace       used 85609K, committed 87424K, reserved 1179648K
  class space    used 10216K, committed 11072K, reserved 1048576K
}
Event: 324.514 GC heap before
{Heap before GC invocations=1118 (full 3):
 PSYoungGen      total 8192K, used 8000K [0x00000000d5580000, 0x00000000d5f00000, 0x0000000100000000)
  eden space 7680K, 100% used [0x00000000d5580000,0x00000000d5d00000,0x00000000d5d00000)
  from space 512K, 62% used [0x00000000d5e80000,0x00000000d5ed0000,0x00000000d5f00000)
  to   space 512K, 0% used [0x00000000d5e00000,0x00000000d5e00000,0x00000000d5e80000)
 ParOldGen       total 798208K, used 797869K [0x0000000080000000, 0x00000000b0b80000, 0x00000000d5580000)
  object space 798208K, 99% used [0x0000000080000000,0x00000000b0b2b670,0x00000000b0b80000)
 Metaspace       used 86359K, committed 88192K, reserved 1179648K
  class space    used 10327K, committed 11200K, reserved 1048576K
}
Event: 324.600 GC heap after
{Heap after GC invocations=1118 (full 3):
 PSYoungGen      total 8192K, used 448K [0x00000000d5580000, 0x00000000d5f00000, 0x0000000100000000)
  eden space 7680K, 0% used [0x00000000d5580000,0x00000000d5580000,0x00000000d5d00000)
  from space 512K, 87% used [0x00000000d5e00000,0x00000000d5e70000,0x00000000d5e80000)
  to   space 512K, 0% used [0x00000000d5e80000,0x00000000d5e80000,0x00000000d5f00000)
 ParOldGen       total 798208K, used 797965K [0x0000000080000000, 0x00000000b0b80000, 0x00000000d5580000)
  object space 798208K, 99% used [0x0000000080000000,0x00000000b0b43670,0x00000000b0b80000)
 Metaspace       used 86359K, committed 88192K, reserved 1179648K
  class space    used 10327K, committed 11200K, reserved 1048576K
}

